Lexema: int Token: Palabra Reservada at line 1, column 1-3;
Lexema: c Token: Identificador at line 1, column 5-5;
Lexema: ; Token: Simbolo/Operador at line 1, column 6-6;
Lexema: int Token: Palabra Reservada at line 3, column 1-3;
Lexema: f1 Token: Identificador at line 3, column 5-6;
Lexema: ( Token: Simbolo/Operador at line 3, column 7-7;
Lexema: int Token: Palabra Reservada at line 3, column 8-10;
Lexema: d Token: Identificador at line 3, column 12-12;
Lexema: , Token: Simbolo/Operador at line 3, column 13-13;
Lexema: int Token: Palabra Reservada at line 3, column 15-17;
Lexema: e Token: Identificador at line 3, column 19-19;
Lexema: ) Token: Simbolo/Operador at line 3, column 20-20;
Lexema: { Token: Simbolo/Operador at line 3, column 21-21;
Lexema: int Token: Palabra Reservada at line 4, column 5-7;
Lexema: a Token: Identificador at line 4, column 9-9;
Lexema: ; Token: Simbolo/Operador at line 4, column 10-10;
Lexema: bool Token: Palabra Reservada at line 5, column 5-8;
Lexema: b Token: Identificador at line 5, column 10-10;
Lexema: ; Token: Simbolo/Operador at line 5, column 11-11;
Lexema: b Token: Identificador at line 6, column 5-5;
Lexema: = Token: Simbolo/Operador at line 6, column 7-7;
Lexema: d Token: Identificador at line 6, column 9-9;
Lexema: >= Token: Simbolo/Operador at line 6, column 11-12;
Lexema: e Token: Identificador at line 6, column 14-14;
Lexema: ; Token: Simbolo/Operador at line 6, column 15-15;
Lexema: 	 Token: Unrecognized char: 	 at line 7, column 1-1;
Lexema: if Token: Palabra Reservada at line 7, column 2-3;
Lexema: ( Token: Simbolo/Operador at line 7, column 5-5;
Lexema: ! Token: Simbolo/Operador at line 7, column 6-6;
Lexema: b Token: Identificador at line 7, column 7-7;
Lexema: ) Token: Simbolo/Operador at line 7, column 8-8;
Lexema: 	 Token: Unrecognized char: 	 at line 8, column 1-1;
Lexema: { Token: Simbolo/Operador at line 8, column 2-2;
Lexema: 	 Token: Unrecognized char: 	 at line 9, column 1-1;
Lexema: a Token: Identificador at line 9, column 6-6;
Lexema: = Token: Simbolo/Operador at line 9, column 8-8;
Lexema: d Token: Identificador at line 9, column 10-10;
Lexema: + Token: Simbolo/Operador at line 9, column 12-12;
Lexema: e Token: Identificador at line 9, column 14-14;
Lexema: ; Token: Simbolo/Operador at line 9, column 15-15;
Lexema: 	 Token: Unrecognized char: 	 at line 10, column 1-1;
Lexema: } Token: Simbolo/Operador at line 10, column 2-2;
Lexema: 	 Token: Unrecognized char: 	 at line 11, column 1-1;
Lexema: else Token: Palabra Reservada at line 11, column 2-5;
Lexema: a Token: Identificador at line 11, column 7-7;
Lexema: = Token: Simbolo/Operador at line 11, column 9-9;
Lexema: 2.34 Token: Constante Double at line 11, column 11-14(Value = 2.34);
Lexema: ; Token: Simbolo/Operador at line 11, column 15-15;
Lexema: return Token: Palabra Reservada at line 12, column 5-10;
Lexema: a Token: Identificador at line 12, column 12-12;
Lexema: ; Token: Simbolo/Operador at line 12, column 13-13;
Lexema: } Token: Simbolo/Operador at line 13, column 1-1;
